./iter.c
./entity_name.c
./os_api.c
./id.c
./world.c
./datastructures/hashmap.c
./datastructures/name_index.c
./datastructures/hash.c
./datastructures/map.c
./datastructures/stack_allocator.c
./datastructures/block_allocator.c
./datastructures/vec.c
./datastructures/switch_list.c
./datastructures/allocator.c
./datastructures/sparse.c
./datastructures/bitset.c
./datastructures/strbuf.c
./poly.c
./entity.c
./search.c
./query/compiler/compiler.c
./query/compiler/compiler_term.c
./query/api.c
./query/validator.c
./query/util.c
./query/engine/trivial_iter.c
./query/engine/trav_cache.c
./query/engine/change_detection.c
./query/engine/trav_down_cache.c
./query/engine/trav_up_cache.c
./query/engine/cache_iter.c
./query/engine/cache_order_by.c
./query/engine/eval_toggle.c
./query/engine/eval_up.c
./query/engine/eval_pred.c
./query/engine/eval_union.c
./query/engine/eval_member.c
./query/engine/eval_utils.c
./query/engine/eval_iter.c
./query/engine/eval_trav.c
./query/engine/eval.c
./query/engine/cache.c
./observer.c
./addons/timer.c
./addons/stats/world_monitor.c
./addons/stats/world_summary.c
./addons/stats/stats.c
./addons/stats/system_monitor.c
./addons/stats/pipeline_monitor.c
./addons/stats/monitor.c
./addons/json/serialize_world.c
./addons/json/serialize_query_info.c
./addons/json/serialize_iter_result_table.c
./addons/json/serialize_field_info.c
./addons/json/serialize_iter_result_query.c
./addons/json/json.c
./addons/json/deserialize.c
./addons/json/serialize_iter_result.c
./addons/json/serialize_entity.c
./addons/json/serialize_type_info.c
./addons/json/serialize_iter.c
./addons/json/deserialize_value.c
./addons/json/serialize_value.c
./addons/script/serialize.c
./addons/script/expr.c
./addons/script/ast.c
./addons/script/script.c
./addons/script/visit_to_str.c
./addons/script/visit_eval.c
./addons/script/template.c
./addons/script/interpolate.c
./addons/script/visit_free.c
./addons/script/tokenizer.c
./addons/script/parser.c
./addons/script/visit.c
./addons/script/query_parser.c
./addons/script/vars.c
./addons/metrics.c
./addons/meta/meta.c
./addons/meta/api.c
./addons/meta/serialized.c
./addons/meta/definitions.c
./addons/meta/c_utils.c
./addons/meta/rtt_lifecycle.c
./addons/meta/cursor.c
./addons/system/system.c
./addons/app.c
./addons/alerts.c
./addons/flecs_cpp.c
./addons/rest.c
./addons/log.c
./addons/doc.c
./addons/http.c
./addons/pipeline/pipeline.c
./addons/pipeline/worker.c
./addons/journal.c
./addons/units.c
./addons/os_api_impl/os_api_impl.c
./addons/module.c
./each.c
./value.c
./bootstrap.c
./stage.c
./misc.c
./observable.c
./storage/entity_index.c
./storage/table_cache.c
./storage/table_graph.c
./storage/table.c
./storage/id_index.c
